sphinx-build -b html -d _build/doctrees   . _build/html
Making output directory...
Running Sphinx v1.2.3
loading pickled environment... not yet created
building [html]: targets for 6 source files that are out of date
updating environment: 6 added, 0 changed, 0 removed
reading sources... [ 16%] devel
reading sources... [ 33%] index
reading sources... [ 50%] install
reading sources... [ 66%] overview
reading sources... [ 83%] pybestprac
reading sources... [100%] pybestprac.util

looking for now-outdated files... none found
pickling environment... done
checking consistency... done
preparing documents... done
writing output... [ 16%] devel
writing output... [ 33%] index
writing output... [ 50%] install
writing output... [ 66%] overview
writing output... [ 83%] pybestprac
writing output... [100%] pybestprac.util

writing additional files... (2 module code pages) _modules/index genindex py-modindex search
copying static files... done
copying extra files... done
dumping search index... done
dumping object inventory... done
build succeeded, 4 warnings.

Build finished. The HTML pages are in _build/html.
